<?xml version="1.0" encoding="UTF-8"?>
<testsuite xmlns:xsi="http://www.w3.org/2001/XMLSchema-instance" xsi:noNamespaceSchemaLocation="https://maven.apache.org/surefire/maven-surefire-plugin/xsd/surefire-test-report-3.0.xsd" version="3.0" name="sakancom.AcceptanceTest" time="0.794" tests="15" errors="2" skipped="0" failures="4">
  <properties>
    <property name="java.specification.version" value="19"/>
    <property name="sun.cpu.isalist" value="amd64"/>
    <property name="sun.jnu.encoding" value="Cp1256"/>
    <property name="java.class.path" value="C:\Users\jomaa\Downloads\sakancom\sakancom\target\test-classes;C:\Users\jomaa\Downloads\sakancom\sakancom\target\classes;C:\Users\jomaa\.m2\repository\io\cucumber\cucumber-picocontainer\7.3.4\cucumber-picocontainer-7.3.4.jar;C:\Users\jomaa\.m2\repository\org\apiguardian\apiguardian-api\1.1.2\apiguardian-api-1.1.2.jar;C:\Users\jomaa\.m2\repository\org\picocontainer\picocontainer\2.15\picocontainer-2.15.jar;C:\Users\jomaa\.m2\repository\io\cucumber\cucumber-java\7.3.4\cucumber-java-7.3.4.jar;C:\Users\jomaa\.m2\repository\io\cucumber\cucumber-core\7.3.4\cucumber-core-7.3.4.jar;C:\Users\jomaa\.m2\repository\io\cucumber\cucumber-gherkin\7.3.4\cucumber-gherkin-7.3.4.jar;C:\Users\jomaa\.m2\repository\io\cucumber\cucumber-gherkin-messages\7.3.4\cucumber-gherkin-messages-7.3.4.jar;C:\Users\jomaa\.m2\repository\io\cucumber\gherkin\23.0.1\gherkin-23.0.1.jar;C:\Users\jomaa\.m2\repository\io\cucumber\messages\18.0.0\messages-18.0.0.jar;C:\Users\jomaa\.m2\repository\io\cucumber\tag-expressions\4.1.0\tag-expressions-4.1.0.jar;C:\Users\jomaa\.m2\repository\io\cucumber\cucumber-expressions\15.1.1\cucumber-expressions-15.1.1.jar;C:\Users\jomaa\.m2\repository\io\cucumber\datatable\7.3.4\datatable-7.3.4.jar;C:\Users\jomaa\.m2\repository\io\cucumber\cucumber-plugin\7.3.4\cucumber-plugin-7.3.4.jar;C:\Users\jomaa\.m2\repository\io\cucumber\docstring\7.3.4\docstring-7.3.4.jar;C:\Users\jomaa\.m2\repository\io\cucumber\html-formatter\19.1.0\html-formatter-19.1.0.jar;C:\Users\jomaa\.m2\repository\io\cucumber\ci-environment\9.0.4\ci-environment-9.0.4.jar;C:\Users\jomaa\.m2\repository\io\cucumber\cucumber-junit\7.3.4\cucumber-junit-7.3.4.jar;C:\Users\jomaa\.m2\repository\junit\junit\4.13.2\junit-4.13.2.jar;C:\Users\jomaa\.m2\repository\org\hamcrest\hamcrest-core\1.3\hamcrest-core-1.3.jar;"/>
    <property name="java.vm.vendor" value="Oracle Corporation"/>
    <property name="sun.arch.data.model" value="64"/>
    <property name="user.variant" value=""/>
    <property name="java.vendor.url" value="https://java.oracle.com/"/>
    <property name="user.timezone" value="Asia/Hebron"/>
    <property name="os.name" value="Windows 10"/>
    <property name="java.vm.specification.version" value="19"/>
    <property name="sun.java.launcher" value="SUN_STANDARD"/>
    <property name="user.country" value="US"/>
    <property name="sun.boot.library.path" value="C:\Program Files\Java\jdk-19\bin"/>
    <property name="sun.java.command" value="C:\Users\jomaa\AppData\Local\Temp\surefire100264368539194516\surefirebooter-20230727040150811_3.jar C:\Users\jomaa\AppData\Local\Temp\surefire100264368539194516 2023-07-27T04-01-50_711-jvmRun1 surefire-20230727040150811_1tmp surefire_0-20230727040150811_2tmp"/>
    <property name="jdk.debug" value="release"/>
    <property name="surefire.test.class.path" value="C:\Users\jomaa\Downloads\sakancom\sakancom\target\test-classes;C:\Users\jomaa\Downloads\sakancom\sakancom\target\classes;C:\Users\jomaa\.m2\repository\io\cucumber\cucumber-picocontainer\7.3.4\cucumber-picocontainer-7.3.4.jar;C:\Users\jomaa\.m2\repository\org\apiguardian\apiguardian-api\1.1.2\apiguardian-api-1.1.2.jar;C:\Users\jomaa\.m2\repository\org\picocontainer\picocontainer\2.15\picocontainer-2.15.jar;C:\Users\jomaa\.m2\repository\io\cucumber\cucumber-java\7.3.4\cucumber-java-7.3.4.jar;C:\Users\jomaa\.m2\repository\io\cucumber\cucumber-core\7.3.4\cucumber-core-7.3.4.jar;C:\Users\jomaa\.m2\repository\io\cucumber\cucumber-gherkin\7.3.4\cucumber-gherkin-7.3.4.jar;C:\Users\jomaa\.m2\repository\io\cucumber\cucumber-gherkin-messages\7.3.4\cucumber-gherkin-messages-7.3.4.jar;C:\Users\jomaa\.m2\repository\io\cucumber\gherkin\23.0.1\gherkin-23.0.1.jar;C:\Users\jomaa\.m2\repository\io\cucumber\messages\18.0.0\messages-18.0.0.jar;C:\Users\jomaa\.m2\repository\io\cucumber\tag-expressions\4.1.0\tag-expressions-4.1.0.jar;C:\Users\jomaa\.m2\repository\io\cucumber\cucumber-expressions\15.1.1\cucumber-expressions-15.1.1.jar;C:\Users\jomaa\.m2\repository\io\cucumber\datatable\7.3.4\datatable-7.3.4.jar;C:\Users\jomaa\.m2\repository\io\cucumber\cucumber-plugin\7.3.4\cucumber-plugin-7.3.4.jar;C:\Users\jomaa\.m2\repository\io\cucumber\docstring\7.3.4\docstring-7.3.4.jar;C:\Users\jomaa\.m2\repository\io\cucumber\html-formatter\19.1.0\html-formatter-19.1.0.jar;C:\Users\jomaa\.m2\repository\io\cucumber\ci-environment\9.0.4\ci-environment-9.0.4.jar;C:\Users\jomaa\.m2\repository\io\cucumber\cucumber-junit\7.3.4\cucumber-junit-7.3.4.jar;C:\Users\jomaa\.m2\repository\junit\junit\4.13.2\junit-4.13.2.jar;C:\Users\jomaa\.m2\repository\org\hamcrest\hamcrest-core\1.3\hamcrest-core-1.3.jar;"/>
    <property name="sun.cpu.endian" value="little"/>
    <property name="user.home" value="C:\Users\jomaa"/>
    <property name="user.language" value="en"/>
    <property name="java.specification.vendor" value="Oracle Corporation"/>
    <property name="java.version.date" value="2022-10-18"/>
    <property name="java.home" value="C:\Program Files\Java\jdk-19"/>
    <property name="file.separator" value="\"/>
    <property name="basedir" value="C:\Users\jomaa\Downloads\sakancom\sakancom"/>
    <property name="style.color" value="always"/>
    <property name="java.vm.compressedOopsMode" value="Zero based"/>
    <property name="line.separator" value="&#10;"/>
    <property name="java.vm.specification.vendor" value="Oracle Corporation"/>
    <property name="java.specification.name" value="Java Platform API Specification"/>
    <property name="surefire.real.class.path" value="C:\Users\jomaa\AppData\Local\Temp\surefire100264368539194516\surefirebooter-20230727040150811_3.jar"/>
    <property name="user.script" value=""/>
    <property name="sun.management.compiler" value="HotSpot 64-Bit Tiered Compilers"/>
    <property name="java.runtime.version" value="19.0.1+10-21"/>
    <property name="user.name" value="jomaa"/>
    <property name="stdout.encoding" value="Cp1256"/>
    <property name="path.separator" value=";"/>
    <property name="os.version" value="10.0"/>
    <property name="java.runtime.name" value="Java(TM) SE Runtime Environment"/>
    <property name="file.encoding" value="UTF-8"/>
    <property name="java.vm.name" value="Java HotSpot(TM) 64-Bit Server VM"/>
    <property name="localRepository" value="C:\Users\jomaa\.m2\repository"/>
    <property name="java.vendor.url.bug" value="https://bugreport.java.com/bugreport/"/>
    <property name="java.io.tmpdir" value="C:\Users\jomaa\AppData\Local\Temp\"/>
    <property name="java.version" value="19.0.1"/>
    <property name="user.dir" value="C:\Users\jomaa\Downloads\sakancom\sakancom"/>
    <property name="os.arch" value="amd64"/>
    <property name="java.vm.specification.name" value="Java Virtual Machine Specification"/>
    <property name="sun.os.patch.level" value=""/>
    <property name="native.encoding" value="Cp1256"/>
    <property name="java.library.path" value="C:\Program Files\Java\jdk-19\bin;C:\WINDOWS\Sun\Java\bin;C:\WINDOWS\system32;C:\WINDOWS;C:/Program Files/Java/jdk-19/bin/server;C:/Program Files/Java/jdk-19/bin;C:\Program Files\Microsoft\jdk-11.0.16.101-hotspot\bin;C:\Program Files\Common Files\Oracle\Java\javapath;C:\WINDOWS\system32;C:\WINDOWS;C:\WINDOWS\System32\Wbem;C:\WINDOWS\System32\WindowsPowerShell\v1.0\;C:\WINDOWS\System32\OpenSSH\;C:\Program Files\Microsoft SQL Server\Client SDK\ODBC\170\Tools\Binn\;C:\Program Files\Microsoft SQL Server\150\Tools\Binn\;C:\Program Files\dotnet\;C:\Program Files\MATLAB\R2023a\bin;C:\Program Files\Git\cmd;C:\Users\jomaa\AppData\Local\Programs\Python\Python311\Scripts\;C:\Users\jomaa\AppData\Local\Programs\Python\Python311\;C:\Users\jomaa\AppData\Local\Microsoft\WindowsApps;C:\Users\jomaa\AppData\Local\JetBrains\Toolbox\scripts;C:\Program Files\JetBrains\PhpStorm 2022.3.2\bin;;C:\Users\jomaa\.dotnet\tools;C:\Users\jomaa\AppData\Local\GitHubDesktop\bin;C:\WINDOWS\System32;;."/>
    <property name="java.vm.info" value="mixed mode, sharing"/>
    <property name="stderr.encoding" value="Cp1256"/>
    <property name="java.vendor" value="Oracle Corporation"/>
    <property name="java.vm.version" value="19.0.1+10-21"/>
    <property name="sun.io.unicode.encoding" value="UnicodeLittle"/>
    <property name="java.class.version" value="63.0"/>
  </properties>
  <testcase name="when admins request to see the available housing." classname="View the available housing" time="0.098"/>
  <testcase name="when  (acceptance)admins request to see advertisement of housing ." classname="Scenes of requests for advertisement of housing and the ability to accept and reject it." time="0.041">
    <error message="The step &apos;Advertisement of housing&apos; and 2 other step(s) are undefined.&#10;You can implement these steps using the snippet(s) below:&#10;&#10;@Given(&quot;Advertisement of housing&quot;)&#10;public void advertisementOfHousing() {&#10;    // Write code here that turns the phrase above into concrete actions&#10;    throw new io.cucumber.java.PendingException();&#10;}&#10;@When(&quot;Admin acceptance of the owners request to view the house&quot;)&#10;public void adminAcceptanceOfTheOwnersRequestToViewTheHouse() {&#10;    // Write code here that turns the phrase above into concrete actions&#10;    throw new io.cucumber.java.PendingException();&#10;}&#10;@Then(&quot;add house in ads and delete house from ad requests.&quot;)&#10;public void addHouseInAdsAndDeleteHouseFromAdRequests() {&#10;    // Write code here that turns the phrase above into concrete actions&#10;    throw new io.cucumber.java.PendingException();&#10;}&#10;" type="io.cucumber.junit.UndefinedStepException"><![CDATA[io.cucumber.junit.UndefinedStepException: 
The step 'Advertisement of housing' and 2 other step(s) are undefined.
You can implement these steps using the snippet(s) below:

@Given("Advertisement of housing")
public void advertisementOfHousing() {
    // Write code here that turns the phrase above into concrete actions
    throw new io.cucumber.java.PendingException();
}
@When("Admin acceptance of the owners request to view the house")
public void adminAcceptanceOfTheOwnersRequestToViewTheHouse() {
    // Write code here that turns the phrase above into concrete actions
    throw new io.cucumber.java.PendingException();
}
@Then("add house in ads and delete house from ad requests.")
public void addHouseInAdsAndDeleteHouseFromAdRequests() {
    // Write code here that turns the phrase above into concrete actions
    throw new io.cucumber.java.PendingException();
}

]]></error>
  </testcase>
  <testcase name="when (reject)admins request to see advertisement of housing ." classname="Scenes of requests for advertisement of housing and the ability to accept and reject it." time="0.009">
    <error message="The step &apos;Advertisement of housing&apos; and 2 other step(s) are undefined.&#10;You can implement these steps using the snippet(s) below:&#10;&#10;@Given(&quot;Advertisement of housing&quot;)&#10;public void advertisementOfHousing() {&#10;    // Write code here that turns the phrase above into concrete actions&#10;    throw new io.cucumber.java.PendingException();&#10;}&#10;@When(&quot;Admin reject of the owners request to view the house&quot;)&#10;public void adminRejectOfTheOwnersRequestToViewTheHouse() {&#10;    // Write code here that turns the phrase above into concrete actions&#10;    throw new io.cucumber.java.PendingException();&#10;}&#10;@Then(&quot;Delete home from ad requests&quot;)&#10;public void deleteHomeFromAdRequests() {&#10;    // Write code here that turns the phrase above into concrete actions&#10;    throw new io.cucumber.java.PendingException();&#10;}&#10;" type="io.cucumber.junit.UndefinedStepException"><![CDATA[io.cucumber.junit.UndefinedStepException: 
The step 'Advertisement of housing' and 2 other step(s) are undefined.
You can implement these steps using the snippet(s) below:

@Given("Advertisement of housing")
public void advertisementOfHousing() {
    // Write code here that turns the phrase above into concrete actions
    throw new io.cucumber.java.PendingException();
}
@When("Admin reject of the owners request to view the house")
public void adminRejectOfTheOwnersRequestToViewTheHouse() {
    // Write code here that turns the phrase above into concrete actions
    throw new io.cucumber.java.PendingException();
}
@Then("Delete home from ad requests")
public void deleteHomeFromAdRequests() {
    // Write code here that turns the phrase above into concrete actions
    throw new io.cucumber.java.PendingException();
}

]]></error>
  </testcase>
  <testcase name="when owner request to add housing. #1" classname="add housing" time="0.015">
    <system-out><![CDATA[your housing has been added successfully
please sign up!
]]></system-out>
  </testcase>
  <testcase name="when owner request to add housing. #2" classname="add housing" time="0.006">
    <system-out><![CDATA[this housing is already exist
please sign up!
]]></system-out>
  </testcase>
  <testcase name="owner True-&gt; uname and True-&gt; password" classname="Login" time="0.011">
    <failure type="java.lang.AssertionError"><![CDATA[java.lang.AssertionError
	at org.junit.Assert.fail(Assert.java:87)
	at org.junit.Assert.assertTrue(Assert.java:42)
	at org.junit.Assert.assertTrue(Assert.java:53)
	at sakancom.login_test.i_can_log_in_the_system_as_an_owner_and_the_owner_menu_will_appear(login_test.java:47)
	at ✽.i can log in the system as an owner and The owner menu will appear(file:///C:/Users/jomaa/Downloads/sakancom/sakancom/Use_Cases/provided/login.feature:6)
]]></failure>
  </testcase>
  <testcase name="owner True-&gt; uname and False-&gt; password" classname="Login" time="0.005"/>
  <testcase name="owner False-&gt; uname" classname="Login" time="0.006"/>
  <testcase name="admin True-&gt; uname and True-&gt; password" classname="Login" time="0.005">
    <failure type="java.lang.AssertionError"><![CDATA[java.lang.AssertionError
	at org.junit.Assert.fail(Assert.java:87)
	at org.junit.Assert.assertTrue(Assert.java:42)
	at org.junit.Assert.assertTrue(Assert.java:53)
	at sakancom.login_test.i_can_log_in_the_system_as_an_admin_and_the_owner_menu_will_appear(login_test.java:97)
	at ✽.i can log in the system as an admin and The owner menu will appear(file:///C:/Users/jomaa/Downloads/sakancom/sakancom/Use_Cases/provided/login.feature:16)
]]></failure>
  </testcase>
  <testcase name="admin True-&gt; uname and False-&gt; password" classname="Login" time="0.007"/>
  <testcase name="admin False-&gt; uname" classname="Login" time="0.005"/>
  <testcase name="tenant True-&gt; uname and True-&gt; password" classname="Login" time="0.011">
    <failure type="java.lang.AssertionError"><![CDATA[java.lang.AssertionError
	at org.junit.Assert.fail(Assert.java:87)
	at org.junit.Assert.assertTrue(Assert.java:42)
	at org.junit.Assert.assertTrue(Assert.java:53)
	at sakancom.login_test.i_can_log_in_the_system_as_an_tenant_and_the_owner_menu_will_appear(login_test.java:127)
	at ✽.i can log in the system as an tenant and The owner menu will appear(file:///C:/Users/jomaa/Downloads/sakancom/sakancom/Use_Cases/provided/login.feature:26)
]]></failure>
  </testcase>
  <testcase name="tenant True-&gt; uname and False-&gt; password" classname="Login" time="0.005"/>
  <testcase name="tenant False-&gt; uname" classname="Login" time="0.01"/>
  <testcase name="Decid what the role from the username" classname="Login" time="0.005">
    <failure type="java.lang.AssertionError"><![CDATA[java.lang.AssertionError
	at org.junit.Assert.fail(Assert.java:87)
	at org.junit.Assert.assertTrue(Assert.java:42)
	at org.junit.Assert.assertTrue(Assert.java:53)
	at sakancom.login_test.then_no_menu_will_appear(login_test.java:158)
	at ✽.then no menu will appear(file:///C:/Users/jomaa/Downloads/sakancom/sakancom/Use_Cases/provided/login.feature:36)
]]></failure>
  </testcase>
</testsuite>